<?xml version="1.0" encoding="UTF-8"?>
<testsuite xmlns:xsi="http://www.w3.org/2001/XMLSchema-instance" xsi:noNamespaceSchemaLocation="https://maven.apache.org/surefire/maven-surefire-plugin/xsd/surefire-test-report.xsd" name="com.bxa.config.ConfigApplicationTests" time="17.875" tests="1" errors="0" skipped="0" failures="0">
  <properties>
    <property name="sun.desktop" value="windows"/>
    <property name="awt.toolkit" value="sun.awt.windows.WToolkit"/>
    <property name="file.encoding.pkg" value="sun.io"/>
    <property name="java.specification.version" value="1.8"/>
    <property name="sun.cpu.isalist" value="amd64"/>
    <property name="sun.jnu.encoding" value="GBK"/>
    <property name="java.class.path" value="C:\ProjectOS\SpringCloud\01\config\target\test-classes;C:\ProjectOS\SpringCloud\01\config\target\classes;C:\tools\maven\apache-maven-3.6.0Reponsitory\org\springframework\cloud\spring-cloud-config-server\2.1.3.RELEASE\spring-cloud-config-server-2.1.3.RELEASE.jar;C:\tools\maven\apache-maven-3.6.0Reponsitory\org\springframework\cloud\spring-cloud-config-client\2.1.3.RELEASE\spring-cloud-config-client-2.1.3.RELEASE.jar;C:\tools\maven\apache-maven-3.6.0Reponsitory\org\springframework\boot\spring-boot-autoconfigure\2.1.6.RELEASE\spring-boot-autoconfigure-2.1.6.RELEASE.jar;C:\tools\maven\apache-maven-3.6.0Reponsitory\org\springframework\cloud\spring-cloud-commons\2.1.2.RELEASE\spring-cloud-commons-2.1.2.RELEASE.jar;C:\tools\maven\apache-maven-3.6.0Reponsitory\org\springframework\cloud\spring-cloud-context\2.1.2.RELEASE\spring-cloud-context-2.1.2.RELEASE.jar;C:\tools\maven\apache-maven-3.6.0Reponsitory\org\springframework\spring-web\5.1.8.RELEASE\spring-web-5.1.8.RELEASE.jar;C:\tools\maven\apache-maven-3.6.0Reponsitory\org\springframework\spring-beans\5.1.8.RELEASE\spring-beans-5.1.8.RELEASE.jar;C:\tools\maven\apache-maven-3.6.0Reponsitory\com\fasterxml\jackson\core\jackson-annotations\2.9.0\jackson-annotations-2.9.0.jar;C:\tools\maven\apache-maven-3.6.0Reponsitory\com\fasterxml\jackson\core\jackson-databind\2.9.9\jackson-databind-2.9.9.jar;C:\tools\maven\apache-maven-3.6.0Reponsitory\org\springframework\boot\spring-boot-starter-actuator\2.1.6.RELEASE\spring-boot-starter-actuator-2.1.6.RELEASE.jar;C:\tools\maven\apache-maven-3.6.0Reponsitory\org\springframework\boot\spring-boot-actuator-autoconfigure\2.1.6.RELEASE\spring-boot-actuator-autoconfigure-2.1.6.RELEASE.jar;C:\tools\maven\apache-maven-3.6.0Reponsitory\org\springframework\boot\spring-boot-actuator\2.1.6.RELEASE\spring-boot-actuator-2.1.6.RELEASE.jar;C:\tools\maven\apache-maven-3.6.0Reponsitory\org\springframework\spring-context\5.1.8.RELEASE\spring-context-5.1.8.RELEASE.jar;C:\tools\maven\apache-maven-3.6.0Reponsitory\com\fasterxml\jackson\datatype\jackson-datatype-jsr310\2.9.9\jackson-datatype-jsr310-2.9.9.jar;C:\tools\maven\apache-maven-3.6.0Reponsitory\io\micrometer\micrometer-core\1.1.5\micrometer-core-1.1.5.jar;C:\tools\maven\apache-maven-3.6.0Reponsitory\org\hdrhistogram\HdrHistogram\2.1.9\HdrHistogram-2.1.9.jar;C:\tools\maven\apache-maven-3.6.0Reponsitory\org\latencyutils\LatencyUtils\2.0.3\LatencyUtils-2.0.3.jar;C:\tools\maven\apache-maven-3.6.0Reponsitory\org\springframework\boot\spring-boot-starter-web\2.1.6.RELEASE\spring-boot-starter-web-2.1.6.RELEASE.jar;C:\tools\maven\apache-maven-3.6.0Reponsitory\org\springframework\boot\spring-boot-starter-json\2.1.6.RELEASE\spring-boot-starter-json-2.1.6.RELEASE.jar;C:\tools\maven\apache-maven-3.6.0Reponsitory\com\fasterxml\jackson\datatype\jackson-datatype-jdk8\2.9.9\jackson-datatype-jdk8-2.9.9.jar;C:\tools\maven\apache-maven-3.6.0Reponsitory\com\fasterxml\jackson\module\jackson-module-parameter-names\2.9.9\jackson-module-parameter-names-2.9.9.jar;C:\tools\maven\apache-maven-3.6.0Reponsitory\org\springframework\boot\spring-boot-starter-tomcat\2.1.6.RELEASE\spring-boot-starter-tomcat-2.1.6.RELEASE.jar;C:\tools\maven\apache-maven-3.6.0Reponsitory\org\apache\tomcat\embed\tomcat-embed-core\9.0.21\tomcat-embed-core-9.0.21.jar;C:\tools\maven\apache-maven-3.6.0Reponsitory\org\apache\tomcat\embed\tomcat-embed-el\9.0.21\tomcat-embed-el-9.0.21.jar;C:\tools\maven\apache-maven-3.6.0Reponsitory\org\apache\tomcat\embed\tomcat-embed-websocket\9.0.21\tomcat-embed-websocket-9.0.21.jar;C:\tools\maven\apache-maven-3.6.0Reponsitory\org\hibernate\validator\hibernate-validator\6.0.17.Final\hibernate-validator-6.0.17.Final.jar;C:\tools\maven\apache-maven-3.6.0Reponsitory\javax\validation\validation-api\2.0.1.Final\validation-api-2.0.1.Final.jar;C:\tools\maven\apache-maven-3.6.0Reponsitory\org\jboss\logging\jboss-logging\3.3.2.Final\jboss-logging-3.3.2.Final.jar;C:\tools\maven\apache-maven-3.6.0Reponsitory\com\fasterxml\classmate\1.4.0\classmate-1.4.0.jar;C:\tools\maven\apache-maven-3.6.0Reponsitory\org\springframework\spring-webmvc\5.1.8.RELEASE\spring-webmvc-5.1.8.RELEASE.jar;C:\tools\maven\apache-maven-3.6.0Reponsitory\org\springframework\spring-aop\5.1.8.RELEASE\spring-aop-5.1.8.RELEASE.jar;C:\tools\maven\apache-maven-3.6.0Reponsitory\org\springframework\spring-expression\5.1.8.RELEASE\spring-expression-5.1.8.RELEASE.jar;C:\tools\maven\apache-maven-3.6.0Reponsitory\org\springframework\security\spring-security-crypto\5.1.5.RELEASE\spring-security-crypto-5.1.5.RELEASE.jar;C:\tools\maven\apache-maven-3.6.0Reponsitory\org\springframework\security\spring-security-rsa\1.0.7.RELEASE\spring-security-rsa-1.0.7.RELEASE.jar;C:\tools\maven\apache-maven-3.6.0Reponsitory\org\bouncycastle\bcpkix-jdk15on\1.60\bcpkix-jdk15on-1.60.jar;C:\tools\maven\apache-maven-3.6.0Reponsitory\org\bouncycastle\bcprov-jdk15on\1.60\bcprov-jdk15on-1.60.jar;C:\tools\maven\apache-maven-3.6.0Reponsitory\org\eclipse\jgit\org.eclipse.jgit\5.1.3.201810200350-r\org.eclipse.jgit-5.1.3.201810200350-r.jar;C:\tools\maven\apache-maven-3.6.0Reponsitory\com\jcraft\jsch\0.1.54\jsch-0.1.54.jar;C:\tools\maven\apache-maven-3.6.0Reponsitory\com\jcraft\jzlib\1.1.1\jzlib-1.1.1.jar;C:\tools\maven\apache-maven-3.6.0Reponsitory\com\googlecode\javaewah\JavaEWAH\1.1.6\JavaEWAH-1.1.6.jar;C:\tools\maven\apache-maven-3.6.0Reponsitory\org\slf4j\slf4j-api\1.7.26\slf4j-api-1.7.26.jar;C:\tools\maven\apache-maven-3.6.0Reponsitory\org\eclipse\jgit\org.eclipse.jgit.http.apache\5.1.3.201810200350-r\org.eclipse.jgit.http.apache-5.1.3.201810200350-r.jar;C:\tools\maven\apache-maven-3.6.0Reponsitory\org\apache\httpcomponents\httpclient\4.5.9\httpclient-4.5.9.jar;C:\tools\maven\apache-maven-3.6.0Reponsitory\commons-codec\commons-codec\1.11\commons-codec-1.11.jar;C:\tools\maven\apache-maven-3.6.0Reponsitory\org\apache\httpcomponents\httpcore\4.4.11\httpcore-4.4.11.jar;C:\tools\maven\apache-maven-3.6.0Reponsitory\org\yaml\snakeyaml\1.23\snakeyaml-1.23.jar;C:\tools\maven\apache-maven-3.6.0Reponsitory\org\springframework\cloud\spring-cloud-starter-netflix-eureka-client\2.1.2.RELEASE\spring-cloud-starter-netflix-eureka-client-2.1.2.RELEASE.jar;C:\tools\maven\apache-maven-3.6.0Reponsitory\org\springframework\cloud\spring-cloud-starter\2.1.2.RELEASE\spring-cloud-starter-2.1.2.RELEASE.jar;C:\tools\maven\apache-maven-3.6.0Reponsitory\org\springframework\cloud\spring-cloud-netflix-hystrix\2.1.2.RELEASE\spring-cloud-netflix-hystrix-2.1.2.RELEASE.jar;C:\tools\maven\apache-maven-3.6.0Reponsitory\org\springframework\boot\spring-boot-starter-aop\2.1.6.RELEASE\spring-boot-starter-aop-2.1.6.RELEASE.jar;C:\tools\maven\apache-maven-3.6.0Reponsitory\org\aspectj\aspectjweaver\1.9.4\aspectjweaver-1.9.4.jar;C:\tools\maven\apache-maven-3.6.0Reponsitory\org\springframework\cloud\spring-cloud-netflix-eureka-client\2.1.2.RELEASE\spring-cloud-netflix-eureka-client-2.1.2.RELEASE.jar;C:\tools\maven\apache-maven-3.6.0Reponsitory\com\netflix\eureka\eureka-client\1.9.12\eureka-client-1.9.12.jar;C:\tools\maven\apache-maven-3.6.0Reponsitory\org\codehaus\jettison\jettison\1.3.7\jettison-1.3.7.jar;C:\tools\maven\apache-maven-3.6.0Reponsitory\stax\stax-api\1.0.1\stax-api-1.0.1.jar;C:\tools\maven\apache-maven-3.6.0Reponsitory\com\netflix\netflix-commons\netflix-eventbus\0.3.0\netflix-eventbus-0.3.0.jar;C:\tools\maven\apache-maven-3.6.0Reponsitory\com\netflix\netflix-commons\netflix-infix\0.3.0\netflix-infix-0.3.0.jar;C:\tools\maven\apache-maven-3.6.0Reponsitory\commons-jxpath\commons-jxpath\1.3\commons-jxpath-1.3.jar;C:\tools\maven\apache-maven-3.6.0Reponsitory\joda-time\joda-time\2.10.2\joda-time-2.10.2.jar;C:\tools\maven\apache-maven-3.6.0Reponsitory\org\antlr\antlr-runtime\3.4\antlr-runtime-3.4.jar;C:\tools\maven\apache-maven-3.6.0Reponsitory\org\antlr\stringtemplate\3.2.1\stringtemplate-3.2.1.jar;C:\tools\maven\apache-maven-3.6.0Reponsitory\antlr\antlr\2.7.7\antlr-2.7.7.jar;C:\tools\maven\apache-maven-3.6.0Reponsitory\com\google\code\gson\gson\2.8.5\gson-2.8.5.jar;C:\tools\maven\apache-maven-3.6.0Reponsitory\org\apache\commons\commons-math\2.2\commons-math-2.2.jar;C:\tools\maven\apache-maven-3.6.0Reponsitory\com\netflix\archaius\archaius-core\0.7.6\archaius-core-0.7.6.jar;C:\tools\maven\apache-maven-3.6.0Reponsitory\com\google\guava\guava\16.0\guava-16.0.jar;C:\tools\maven\apache-maven-3.6.0Reponsitory\javax\ws\rs\jsr311-api\1.1.1\jsr311-api-1.1.1.jar;C:\tools\maven\apache-maven-3.6.0Reponsitory\com\netflix\servo\servo-core\0.12.21\servo-core-0.12.21.jar;C:\tools\maven\apache-maven-3.6.0Reponsitory\com\sun\jersey\jersey-core\1.19.1\jersey-core-1.19.1.jar;C:\tools\maven\apache-maven-3.6.0Reponsitory\com\sun\jersey\jersey-client\1.19.1\jersey-client-1.19.1.jar;C:\tools\maven\apache-maven-3.6.0Reponsitory\com\sun\jersey\contribs\jersey-apache-client4\1.19.1\jersey-apache-client4-1.19.1.jar;C:\tools\maven\apache-maven-3.6.0Reponsitory\com\google\inject\guice\4.1.0\guice-4.1.0.jar;C:\tools\maven\apache-maven-3.6.0Reponsitory\javax\inject\javax.inject\1\javax.inject-1.jar;C:\tools\maven\apache-maven-3.6.0Reponsitory\aopalliance\aopalliance\1.0\aopalliance-1.0.jar;C:\tools\maven\apache-maven-3.6.0Reponsitory\com\github\vlsi\compactmap\compactmap\1.2.1\compactmap-1.2.1.jar;C:\tools\maven\apache-maven-3.6.0Reponsitory\com\github\andrewoma\dexx\dexx-collections\0.2\dexx-collections-0.2.jar;C:\tools\maven\apache-maven-3.6.0Reponsitory\com\fasterxml\jackson\core\jackson-core\2.9.9\jackson-core-2.9.9.jar;C:\tools\maven\apache-maven-3.6.0Reponsitory\com\netflix\eureka\eureka-core\1.9.12\eureka-core-1.9.12.jar;C:\tools\maven\apache-maven-3.6.0Reponsitory\com\fasterxml\woodstox\woodstox-core\5.0.3\woodstox-core-5.0.3.jar;C:\tools\maven\apache-maven-3.6.0Reponsitory\org\codehaus\woodstox\stax2-api\3.1.4\stax2-api-3.1.4.jar;C:\tools\maven\apache-maven-3.6.0Reponsitory\org\springframework\cloud\spring-cloud-starter-netflix-archaius\2.1.2.RELEASE\spring-cloud-starter-netflix-archaius-2.1.2.RELEASE.jar;C:\tools\maven\apache-maven-3.6.0Reponsitory\org\springframework\cloud\spring-cloud-netflix-ribbon\2.1.2.RELEASE\spring-cloud-netflix-ribbon-2.1.2.RELEASE.jar;C:\tools\maven\apache-maven-3.6.0Reponsitory\org\springframework\cloud\spring-cloud-netflix-archaius\2.1.2.RELEASE\spring-cloud-netflix-archaius-2.1.2.RELEASE.jar;C:\tools\maven\apache-maven-3.6.0Reponsitory\commons-configuration\commons-configuration\1.8\commons-configuration-1.8.jar;C:\tools\maven\apache-maven-3.6.0Reponsitory\commons-lang\commons-lang\2.6\commons-lang-2.6.jar;C:\tools\maven\apache-maven-3.6.0Reponsitory\org\springframework\cloud\spring-cloud-starter-netflix-ribbon\2.1.2.RELEASE\spring-cloud-starter-netflix-ribbon-2.1.2.RELEASE.jar;C:\tools\maven\apache-maven-3.6.0Reponsitory\com\netflix\ribbon\ribbon\2.3.0\ribbon-2.3.0.jar;C:\tools\maven\apache-maven-3.6.0Reponsitory\com\netflix\ribbon\ribbon-transport\2.3.0\ribbon-transport-2.3.0.jar;C:\tools\maven\apache-maven-3.6.0Reponsitory\io\reactivex\rxnetty-contexts\0.4.9\rxnetty-contexts-0.4.9.jar;C:\tools\maven\apache-maven-3.6.0Reponsitory\io\reactivex\rxnetty-servo\0.4.9\rxnetty-servo-0.4.9.jar;C:\tools\maven\apache-maven-3.6.0Reponsitory\com\netflix\hystrix\hystrix-core\1.5.18\hystrix-core-1.5.18.jar;C:\tools\maven\apache-maven-3.6.0Reponsitory\io\reactivex\rxnetty\0.4.9\rxnetty-0.4.9.jar;C:\tools\maven\apache-maven-3.6.0Reponsitory\com\netflix\ribbon\ribbon-core\2.3.0\ribbon-core-2.3.0.jar;C:\tools\maven\apache-maven-3.6.0Reponsitory\com\netflix\ribbon\ribbon-httpclient\2.3.0\ribbon-httpclient-2.3.0.jar;C:\tools\maven\apache-maven-3.6.0Reponsitory\commons-collections\commons-collections\3.2.2\commons-collections-3.2.2.jar;C:\tools\maven\apache-maven-3.6.0Reponsitory\com\netflix\netflix-commons\netflix-commons-util\0.3.0\netflix-commons-util-0.3.0.jar;C:\tools\maven\apache-maven-3.6.0Reponsitory\com\netflix\ribbon\ribbon-loadbalancer\2.3.0\ribbon-loadbalancer-2.3.0.jar;C:\tools\maven\apache-maven-3.6.0Reponsitory\com\netflix\netflix-commons\netflix-statistics\0.1.1\netflix-statistics-0.1.1.jar;C:\tools\maven\apache-maven-3.6.0Reponsitory\io\reactivex\rxjava\1.3.8\rxjava-1.3.8.jar;C:\tools\maven\apache-maven-3.6.0Reponsitory\com\netflix\ribbon\ribbon-eureka\2.3.0\ribbon-eureka-2.3.0.jar;C:\tools\maven\apache-maven-3.6.0Reponsitory\com\thoughtworks\xstream\xstream\1.4.10\xstream-1.4.10.jar;C:\tools\maven\apache-maven-3.6.0Reponsitory\xmlpull\xmlpull\1.1.3.1\xmlpull-1.1.3.1.jar;C:\tools\maven\apache-maven-3.6.0Reponsitory\xpp3\xpp3_min\1.1.4c\xpp3_min-1.1.4c.jar;C:\tools\maven\apache-maven-3.6.0Reponsitory\org\springframework\boot\spring-boot-starter-test\2.1.6.RELEASE\spring-boot-starter-test-2.1.6.RELEASE.jar;C:\tools\maven\apache-maven-3.6.0Reponsitory\org\springframework\boot\spring-boot-starter\2.1.6.RELEASE\spring-boot-starter-2.1.6.RELEASE.jar;C:\tools\maven\apache-maven-3.6.0Reponsitory\org\springframework\boot\spring-boot\2.1.6.RELEASE\spring-boot-2.1.6.RELEASE.jar;C:\tools\maven\apache-maven-3.6.0Reponsitory\org\springframework\boot\spring-boot-starter-logging\2.1.6.RELEASE\spring-boot-starter-logging-2.1.6.RELEASE.jar;C:\tools\maven\apache-maven-3.6.0Reponsitory\ch\qos\logback\logback-classic\1.2.3\logback-classic-1.2.3.jar;C:\tools\maven\apache-maven-3.6.0Reponsitory\ch\qos\logback\logback-core\1.2.3\logback-core-1.2.3.jar;C:\tools\maven\apache-maven-3.6.0Reponsitory\org\apache\logging\log4j\log4j-to-slf4j\2.11.2\log4j-to-slf4j-2.11.2.jar;C:\tools\maven\apache-maven-3.6.0Reponsitory\org\apache\logging\log4j\log4j-api\2.11.2\log4j-api-2.11.2.jar;C:\tools\maven\apache-maven-3.6.0Reponsitory\org\slf4j\jul-to-slf4j\1.7.26\jul-to-slf4j-1.7.26.jar;C:\tools\maven\apache-maven-3.6.0Reponsitory\javax\annotation\javax.annotation-api\1.3.2\javax.annotation-api-1.3.2.jar;C:\tools\maven\apache-maven-3.6.0Reponsitory\org\springframework\boot\spring-boot-test\2.1.6.RELEASE\spring-boot-test-2.1.6.RELEASE.jar;C:\tools\maven\apache-maven-3.6.0Reponsitory\org\springframework\boot\spring-boot-test-autoconfigure\2.1.6.RELEASE\spring-boot-test-autoconfigure-2.1.6.RELEASE.jar;C:\tools\maven\apache-maven-3.6.0Reponsitory\com\jayway\jsonpath\json-path\2.4.0\json-path-2.4.0.jar;C:\tools\maven\apache-maven-3.6.0Reponsitory\net\minidev\json-smart\2.3\json-smart-2.3.jar;C:\tools\maven\apache-maven-3.6.0Reponsitory\net\minidev\accessors-smart\1.2\accessors-smart-1.2.jar;C:\tools\maven\apache-maven-3.6.0Reponsitory\org\ow2\asm\asm\5.0.4\asm-5.0.4.jar;C:\tools\maven\apache-maven-3.6.0Reponsitory\junit\junit\4.12\junit-4.12.jar;C:\tools\maven\apache-maven-3.6.0Reponsitory\org\assertj\assertj-core\3.11.1\assertj-core-3.11.1.jar;C:\tools\maven\apache-maven-3.6.0Reponsitory\org\mockito\mockito-core\2.23.4\mockito-core-2.23.4.jar;C:\tools\maven\apache-maven-3.6.0Reponsitory\net\bytebuddy\byte-buddy\1.9.13\byte-buddy-1.9.13.jar;C:\tools\maven\apache-maven-3.6.0Reponsitory\net\bytebuddy\byte-buddy-agent\1.9.13\byte-buddy-agent-1.9.13.jar;C:\tools\maven\apache-maven-3.6.0Reponsitory\org\objenesis\objenesis\2.6\objenesis-2.6.jar;C:\tools\maven\apache-maven-3.6.0Reponsitory\org\hamcrest\hamcrest-core\1.3\hamcrest-core-1.3.jar;C:\tools\maven\apache-maven-3.6.0Reponsitory\org\hamcrest\hamcrest-library\1.3\hamcrest-library-1.3.jar;C:\tools\maven\apache-maven-3.6.0Reponsitory\org\skyscreamer\jsonassert\1.5.0\jsonassert-1.5.0.jar;C:\tools\maven\apache-maven-3.6.0Reponsitory\com\vaadin\external\google\android-json\0.0.20131108.vaadin1\android-json-0.0.20131108.vaadin1.jar;C:\tools\maven\apache-maven-3.6.0Reponsitory\org\springframework\spring-core\5.1.8.RELEASE\spring-core-5.1.8.RELEASE.jar;C:\tools\maven\apache-maven-3.6.0Reponsitory\org\springframework\spring-jcl\5.1.8.RELEASE\spring-jcl-5.1.8.RELEASE.jar;C:\tools\maven\apache-maven-3.6.0Reponsitory\org\springframework\spring-test\5.1.8.RELEASE\spring-test-5.1.8.RELEASE.jar;C:\tools\maven\apache-maven-3.6.0Reponsitory\org\xmlunit\xmlunit-core\2.6.2\xmlunit-core-2.6.2.jar;C:\tools\maven\apache-maven-3.6.0Reponsitory\org\springframework\cloud\spring-cloud-starter-bus-amqp\2.1.2.RELEASE\spring-cloud-starter-bus-amqp-2.1.2.RELEASE.jar;C:\tools\maven\apache-maven-3.6.0Reponsitory\org\springframework\cloud\spring-cloud-starter-stream-rabbit\2.1.3.RELEASE\spring-cloud-starter-stream-rabbit-2.1.3.RELEASE.jar;C:\tools\maven\apache-maven-3.6.0Reponsitory\org\springframework\cloud\spring-cloud-stream-binder-rabbit\2.1.3.RELEASE\spring-cloud-stream-binder-rabbit-2.1.3.RELEASE.jar;C:\tools\maven\apache-maven-3.6.0Reponsitory\org\springframework\cloud\spring-cloud-stream-binder-rabbit-core\2.1.3.RELEASE\spring-cloud-stream-binder-rabbit-core-2.1.3.RELEASE.jar;C:\tools\maven\apache-maven-3.6.0Reponsitory\com\rabbitmq\http-client\2.1.0.RELEASE\http-client-2.1.0.RELEASE.jar;C:\tools\maven\apache-maven-3.6.0Reponsitory\org\springframework\boot\spring-boot-starter-amqp\2.1.6.RELEASE\spring-boot-starter-amqp-2.1.6.RELEASE.jar;C:\tools\maven\apache-maven-3.6.0Reponsitory\org\springframework\amqp\spring-rabbit\2.1.7.RELEASE\spring-rabbit-2.1.7.RELEASE.jar;C:\tools\maven\apache-maven-3.6.0Reponsitory\org\springframework\amqp\spring-amqp\2.1.7.RELEASE\spring-amqp-2.1.7.RELEASE.jar;C:\tools\maven\apache-maven-3.6.0Reponsitory\com\rabbitmq\amqp-client\5.4.3\amqp-client-5.4.3.jar;C:\tools\maven\apache-maven-3.6.0Reponsitory\org\springframework\integration\spring-integration-amqp\5.1.6.RELEASE\spring-integration-amqp-5.1.6.RELEASE.jar;C:\tools\maven\apache-maven-3.6.0Reponsitory\org\springframework\integration\spring-integration-jmx\5.1.6.RELEASE\spring-integration-jmx-5.1.6.RELEASE.jar;C:\tools\maven\apache-maven-3.6.0Reponsitory\org\springframework\cloud\spring-cloud-bus\2.1.2.RELEASE\spring-cloud-bus-2.1.2.RELEASE.jar;C:\tools\maven\apache-maven-3.6.0Reponsitory\org\springframework\cloud\spring-cloud-stream\2.1.3.RELEASE\spring-cloud-stream-2.1.3.RELEASE.jar;C:\tools\maven\apache-maven-3.6.0Reponsitory\org\springframework\boot\spring-boot-starter-validation\2.1.6.RELEASE\spring-boot-starter-validation-2.1.6.RELEASE.jar;C:\tools\maven\apache-maven-3.6.0Reponsitory\org\springframework\spring-messaging\5.1.8.RELEASE\spring-messaging-5.1.8.RELEASE.jar;C:\tools\maven\apache-maven-3.6.0Reponsitory\org\springframework\spring-tuple\1.0.0.RELEASE\spring-tuple-1.0.0.RELEASE.jar;C:\tools\maven\apache-maven-3.6.0Reponsitory\com\esotericsoftware\kryo-shaded\3.0.3\kryo-shaded-3.0.3.jar;C:\tools\maven\apache-maven-3.6.0Reponsitory\com\esotericsoftware\minlog\1.3.0\minlog-1.3.0.jar;C:\tools\maven\apache-maven-3.6.0Reponsitory\org\springframework\integration\spring-integration-tuple\1.0.0.RELEASE\spring-integration-tuple-1.0.0.RELEASE.jar;C:\tools\maven\apache-maven-3.6.0Reponsitory\org\springframework\retry\spring-retry\1.2.4.RELEASE\spring-retry-1.2.4.RELEASE.jar;C:\tools\maven\apache-maven-3.6.0Reponsitory\org\springframework\cloud\spring-cloud-function-context\2.0.2.RELEASE\spring-cloud-function-context-2.0.2.RELEASE.jar;C:\tools\maven\apache-maven-3.6.0Reponsitory\org\springframework\cloud\spring-cloud-function-core\2.0.2.RELEASE\spring-cloud-function-core-2.0.2.RELEASE.jar;C:\tools\maven\apache-maven-3.6.0Reponsitory\org\springframework\integration\spring-integration-core\5.1.6.RELEASE\spring-integration-core-5.1.6.RELEASE.jar;C:\tools\maven\apache-maven-3.6.0Reponsitory\org\springframework\spring-tx\5.1.8.RELEASE\spring-tx-5.1.8.RELEASE.jar;C:\tools\maven\apache-maven-3.6.0Reponsitory\io\projectreactor\reactor-core\3.2.10.RELEASE\reactor-core-3.2.10.RELEASE.jar;C:\tools\maven\apache-maven-3.6.0Reponsitory\org\reactivestreams\reactive-streams\1.0.2\reactive-streams-1.0.2.jar;"/>
    <property name="java.vm.vendor" value="Oracle Corporation"/>
    <property name="sun.arch.data.model" value="64"/>
    <property name="user.variant" value=""/>
    <property name="java.vendor.url" value="http://java.oracle.com/"/>
    <property name="user.timezone" value="Asia/Shanghai"/>
    <property name="java.vm.specification.version" value="1.8"/>
    <property name="os.name" value="Windows 10"/>
    <property name="user.country" value="CN"/>
    <property name="sun.java.launcher" value="SUN_STANDARD"/>
    <property name="sun.boot.library.path" value="C:\Program Files\Java\jdk1.8.0_201\jre\bin"/>
    <property name="sun.java.command" value="C:\Users\BXA\AppData\Local\Temp\surefire8772406310512577489\surefirebooter1462169793641055653.jar C:\Users\BXA\AppData\Local\Temp\surefire8772406310512577489 2019-07-29T11-23-47_915-jvmRun1 surefire811814292708346989tmp surefire_06560640817005595171tmp"/>
    <property name="surefire.test.class.path" value="C:\ProjectOS\SpringCloud\01\config\target\test-classes;C:\ProjectOS\SpringCloud\01\config\target\classes;C:\tools\maven\apache-maven-3.6.0Reponsitory\org\springframework\cloud\spring-cloud-config-server\2.1.3.RELEASE\spring-cloud-config-server-2.1.3.RELEASE.jar;C:\tools\maven\apache-maven-3.6.0Reponsitory\org\springframework\cloud\spring-cloud-config-client\2.1.3.RELEASE\spring-cloud-config-client-2.1.3.RELEASE.jar;C:\tools\maven\apache-maven-3.6.0Reponsitory\org\springframework\boot\spring-boot-autoconfigure\2.1.6.RELEASE\spring-boot-autoconfigure-2.1.6.RELEASE.jar;C:\tools\maven\apache-maven-3.6.0Reponsitory\org\springframework\cloud\spring-cloud-commons\2.1.2.RELEASE\spring-cloud-commons-2.1.2.RELEASE.jar;C:\tools\maven\apache-maven-3.6.0Reponsitory\org\springframework\cloud\spring-cloud-context\2.1.2.RELEASE\spring-cloud-context-2.1.2.RELEASE.jar;C:\tools\maven\apache-maven-3.6.0Reponsitory\org\springframework\spring-web\5.1.8.RELEASE\spring-web-5.1.8.RELEASE.jar;C:\tools\maven\apache-maven-3.6.0Reponsitory\org\springframework\spring-beans\5.1.8.RELEASE\spring-beans-5.1.8.RELEASE.jar;C:\tools\maven\apache-maven-3.6.0Reponsitory\com\fasterxml\jackson\core\jackson-annotations\2.9.0\jackson-annotations-2.9.0.jar;C:\tools\maven\apache-maven-3.6.0Reponsitory\com\fasterxml\jackson\core\jackson-databind\2.9.9\jackson-databind-2.9.9.jar;C:\tools\maven\apache-maven-3.6.0Reponsitory\org\springframework\boot\spring-boot-starter-actuator\2.1.6.RELEASE\spring-boot-starter-actuator-2.1.6.RELEASE.jar;C:\tools\maven\apache-maven-3.6.0Reponsitory\org\springframework\boot\spring-boot-actuator-autoconfigure\2.1.6.RELEASE\spring-boot-actuator-autoconfigure-2.1.6.RELEASE.jar;C:\tools\maven\apache-maven-3.6.0Reponsitory\org\springframework\boot\spring-boot-actuator\2.1.6.RELEASE\spring-boot-actuator-2.1.6.RELEASE.jar;C:\tools\maven\apache-maven-3.6.0Reponsitory\org\springframework\spring-context\5.1.8.RELEASE\spring-context-5.1.8.RELEASE.jar;C:\tools\maven\apache-maven-3.6.0Reponsitory\com\fasterxml\jackson\datatype\jackson-datatype-jsr310\2.9.9\jackson-datatype-jsr310-2.9.9.jar;C:\tools\maven\apache-maven-3.6.0Reponsitory\io\micrometer\micrometer-core\1.1.5\micrometer-core-1.1.5.jar;C:\tools\maven\apache-maven-3.6.0Reponsitory\org\hdrhistogram\HdrHistogram\2.1.9\HdrHistogram-2.1.9.jar;C:\tools\maven\apache-maven-3.6.0Reponsitory\org\latencyutils\LatencyUtils\2.0.3\LatencyUtils-2.0.3.jar;C:\tools\maven\apache-maven-3.6.0Reponsitory\org\springframework\boot\spring-boot-starter-web\2.1.6.RELEASE\spring-boot-starter-web-2.1.6.RELEASE.jar;C:\tools\maven\apache-maven-3.6.0Reponsitory\org\springframework\boot\spring-boot-starter-json\2.1.6.RELEASE\spring-boot-starter-json-2.1.6.RELEASE.jar;C:\tools\maven\apache-maven-3.6.0Reponsitory\com\fasterxml\jackson\datatype\jackson-datatype-jdk8\2.9.9\jackson-datatype-jdk8-2.9.9.jar;C:\tools\maven\apache-maven-3.6.0Reponsitory\com\fasterxml\jackson\module\jackson-module-parameter-names\2.9.9\jackson-module-parameter-names-2.9.9.jar;C:\tools\maven\apache-maven-3.6.0Reponsitory\org\springframework\boot\spring-boot-starter-tomcat\2.1.6.RELEASE\spring-boot-starter-tomcat-2.1.6.RELEASE.jar;C:\tools\maven\apache-maven-3.6.0Reponsitory\org\apache\tomcat\embed\tomcat-embed-core\9.0.21\tomcat-embed-core-9.0.21.jar;C:\tools\maven\apache-maven-3.6.0Reponsitory\org\apache\tomcat\embed\tomcat-embed-el\9.0.21\tomcat-embed-el-9.0.21.jar;C:\tools\maven\apache-maven-3.6.0Reponsitory\org\apache\tomcat\embed\tomcat-embed-websocket\9.0.21\tomcat-embed-websocket-9.0.21.jar;C:\tools\maven\apache-maven-3.6.0Reponsitory\org\hibernate\validator\hibernate-validator\6.0.17.Final\hibernate-validator-6.0.17.Final.jar;C:\tools\maven\apache-maven-3.6.0Reponsitory\javax\validation\validation-api\2.0.1.Final\validation-api-2.0.1.Final.jar;C:\tools\maven\apache-maven-3.6.0Reponsitory\org\jboss\logging\jboss-logging\3.3.2.Final\jboss-logging-3.3.2.Final.jar;C:\tools\maven\apache-maven-3.6.0Reponsitory\com\fasterxml\classmate\1.4.0\classmate-1.4.0.jar;C:\tools\maven\apache-maven-3.6.0Reponsitory\org\springframework\spring-webmvc\5.1.8.RELEASE\spring-webmvc-5.1.8.RELEASE.jar;C:\tools\maven\apache-maven-3.6.0Reponsitory\org\springframework\spring-aop\5.1.8.RELEASE\spring-aop-5.1.8.RELEASE.jar;C:\tools\maven\apache-maven-3.6.0Reponsitory\org\springframework\spring-expression\5.1.8.RELEASE\spring-expression-5.1.8.RELEASE.jar;C:\tools\maven\apache-maven-3.6.0Reponsitory\org\springframework\security\spring-security-crypto\5.1.5.RELEASE\spring-security-crypto-5.1.5.RELEASE.jar;C:\tools\maven\apache-maven-3.6.0Reponsitory\org\springframework\security\spring-security-rsa\1.0.7.RELEASE\spring-security-rsa-1.0.7.RELEASE.jar;C:\tools\maven\apache-maven-3.6.0Reponsitory\org\bouncycastle\bcpkix-jdk15on\1.60\bcpkix-jdk15on-1.60.jar;C:\tools\maven\apache-maven-3.6.0Reponsitory\org\bouncycastle\bcprov-jdk15on\1.60\bcprov-jdk15on-1.60.jar;C:\tools\maven\apache-maven-3.6.0Reponsitory\org\eclipse\jgit\org.eclipse.jgit\5.1.3.201810200350-r\org.eclipse.jgit-5.1.3.201810200350-r.jar;C:\tools\maven\apache-maven-3.6.0Reponsitory\com\jcraft\jsch\0.1.54\jsch-0.1.54.jar;C:\tools\maven\apache-maven-3.6.0Reponsitory\com\jcraft\jzlib\1.1.1\jzlib-1.1.1.jar;C:\tools\maven\apache-maven-3.6.0Reponsitory\com\googlecode\javaewah\JavaEWAH\1.1.6\JavaEWAH-1.1.6.jar;C:\tools\maven\apache-maven-3.6.0Reponsitory\org\slf4j\slf4j-api\1.7.26\slf4j-api-1.7.26.jar;C:\tools\maven\apache-maven-3.6.0Reponsitory\org\eclipse\jgit\org.eclipse.jgit.http.apache\5.1.3.201810200350-r\org.eclipse.jgit.http.apache-5.1.3.201810200350-r.jar;C:\tools\maven\apache-maven-3.6.0Reponsitory\org\apache\httpcomponents\httpclient\4.5.9\httpclient-4.5.9.jar;C:\tools\maven\apache-maven-3.6.0Reponsitory\commons-codec\commons-codec\1.11\commons-codec-1.11.jar;C:\tools\maven\apache-maven-3.6.0Reponsitory\org\apache\httpcomponents\httpcore\4.4.11\httpcore-4.4.11.jar;C:\tools\maven\apache-maven-3.6.0Reponsitory\org\yaml\snakeyaml\1.23\snakeyaml-1.23.jar;C:\tools\maven\apache-maven-3.6.0Reponsitory\org\springframework\cloud\spring-cloud-starter-netflix-eureka-client\2.1.2.RELEASE\spring-cloud-starter-netflix-eureka-client-2.1.2.RELEASE.jar;C:\tools\maven\apache-maven-3.6.0Reponsitory\org\springframework\cloud\spring-cloud-starter\2.1.2.RELEASE\spring-cloud-starter-2.1.2.RELEASE.jar;C:\tools\maven\apache-maven-3.6.0Reponsitory\org\springframework\cloud\spring-cloud-netflix-hystrix\2.1.2.RELEASE\spring-cloud-netflix-hystrix-2.1.2.RELEASE.jar;C:\tools\maven\apache-maven-3.6.0Reponsitory\org\springframework\boot\spring-boot-starter-aop\2.1.6.RELEASE\spring-boot-starter-aop-2.1.6.RELEASE.jar;C:\tools\maven\apache-maven-3.6.0Reponsitory\org\aspectj\aspectjweaver\1.9.4\aspectjweaver-1.9.4.jar;C:\tools\maven\apache-maven-3.6.0Reponsitory\org\springframework\cloud\spring-cloud-netflix-eureka-client\2.1.2.RELEASE\spring-cloud-netflix-eureka-client-2.1.2.RELEASE.jar;C:\tools\maven\apache-maven-3.6.0Reponsitory\com\netflix\eureka\eureka-client\1.9.12\eureka-client-1.9.12.jar;C:\tools\maven\apache-maven-3.6.0Reponsitory\org\codehaus\jettison\jettison\1.3.7\jettison-1.3.7.jar;C:\tools\maven\apache-maven-3.6.0Reponsitory\stax\stax-api\1.0.1\stax-api-1.0.1.jar;C:\tools\maven\apache-maven-3.6.0Reponsitory\com\netflix\netflix-commons\netflix-eventbus\0.3.0\netflix-eventbus-0.3.0.jar;C:\tools\maven\apache-maven-3.6.0Reponsitory\com\netflix\netflix-commons\netflix-infix\0.3.0\netflix-infix-0.3.0.jar;C:\tools\maven\apache-maven-3.6.0Reponsitory\commons-jxpath\commons-jxpath\1.3\commons-jxpath-1.3.jar;C:\tools\maven\apache-maven-3.6.0Reponsitory\joda-time\joda-time\2.10.2\joda-time-2.10.2.jar;C:\tools\maven\apache-maven-3.6.0Reponsitory\org\antlr\antlr-runtime\3.4\antlr-runtime-3.4.jar;C:\tools\maven\apache-maven-3.6.0Reponsitory\org\antlr\stringtemplate\3.2.1\stringtemplate-3.2.1.jar;C:\tools\maven\apache-maven-3.6.0Reponsitory\antlr\antlr\2.7.7\antlr-2.7.7.jar;C:\tools\maven\apache-maven-3.6.0Reponsitory\com\google\code\gson\gson\2.8.5\gson-2.8.5.jar;C:\tools\maven\apache-maven-3.6.0Reponsitory\org\apache\commons\commons-math\2.2\commons-math-2.2.jar;C:\tools\maven\apache-maven-3.6.0Reponsitory\com\netflix\archaius\archaius-core\0.7.6\archaius-core-0.7.6.jar;C:\tools\maven\apache-maven-3.6.0Reponsitory\com\google\guava\guava\16.0\guava-16.0.jar;C:\tools\maven\apache-maven-3.6.0Reponsitory\javax\ws\rs\jsr311-api\1.1.1\jsr311-api-1.1.1.jar;C:\tools\maven\apache-maven-3.6.0Reponsitory\com\netflix\servo\servo-core\0.12.21\servo-core-0.12.21.jar;C:\tools\maven\apache-maven-3.6.0Reponsitory\com\sun\jersey\jersey-core\1.19.1\jersey-core-1.19.1.jar;C:\tools\maven\apache-maven-3.6.0Reponsitory\com\sun\jersey\jersey-client\1.19.1\jersey-client-1.19.1.jar;C:\tools\maven\apache-maven-3.6.0Reponsitory\com\sun\jersey\contribs\jersey-apache-client4\1.19.1\jersey-apache-client4-1.19.1.jar;C:\tools\maven\apache-maven-3.6.0Reponsitory\com\google\inject\guice\4.1.0\guice-4.1.0.jar;C:\tools\maven\apache-maven-3.6.0Reponsitory\javax\inject\javax.inject\1\javax.inject-1.jar;C:\tools\maven\apache-maven-3.6.0Reponsitory\aopalliance\aopalliance\1.0\aopalliance-1.0.jar;C:\tools\maven\apache-maven-3.6.0Reponsitory\com\github\vlsi\compactmap\compactmap\1.2.1\compactmap-1.2.1.jar;C:\tools\maven\apache-maven-3.6.0Reponsitory\com\github\andrewoma\dexx\dexx-collections\0.2\dexx-collections-0.2.jar;C:\tools\maven\apache-maven-3.6.0Reponsitory\com\fasterxml\jackson\core\jackson-core\2.9.9\jackson-core-2.9.9.jar;C:\tools\maven\apache-maven-3.6.0Reponsitory\com\netflix\eureka\eureka-core\1.9.12\eureka-core-1.9.12.jar;C:\tools\maven\apache-maven-3.6.0Reponsitory\com\fasterxml\woodstox\woodstox-core\5.0.3\woodstox-core-5.0.3.jar;C:\tools\maven\apache-maven-3.6.0Reponsitory\org\codehaus\woodstox\stax2-api\3.1.4\stax2-api-3.1.4.jar;C:\tools\maven\apache-maven-3.6.0Reponsitory\org\springframework\cloud\spring-cloud-starter-netflix-archaius\2.1.2.RELEASE\spring-cloud-starter-netflix-archaius-2.1.2.RELEASE.jar;C:\tools\maven\apache-maven-3.6.0Reponsitory\org\springframework\cloud\spring-cloud-netflix-ribbon\2.1.2.RELEASE\spring-cloud-netflix-ribbon-2.1.2.RELEASE.jar;C:\tools\maven\apache-maven-3.6.0Reponsitory\org\springframework\cloud\spring-cloud-netflix-archaius\2.1.2.RELEASE\spring-cloud-netflix-archaius-2.1.2.RELEASE.jar;C:\tools\maven\apache-maven-3.6.0Reponsitory\commons-configuration\commons-configuration\1.8\commons-configuration-1.8.jar;C:\tools\maven\apache-maven-3.6.0Reponsitory\commons-lang\commons-lang\2.6\commons-lang-2.6.jar;C:\tools\maven\apache-maven-3.6.0Reponsitory\org\springframework\cloud\spring-cloud-starter-netflix-ribbon\2.1.2.RELEASE\spring-cloud-starter-netflix-ribbon-2.1.2.RELEASE.jar;C:\tools\maven\apache-maven-3.6.0Reponsitory\com\netflix\ribbon\ribbon\2.3.0\ribbon-2.3.0.jar;C:\tools\maven\apache-maven-3.6.0Reponsitory\com\netflix\ribbon\ribbon-transport\2.3.0\ribbon-transport-2.3.0.jar;C:\tools\maven\apache-maven-3.6.0Reponsitory\io\reactivex\rxnetty-contexts\0.4.9\rxnetty-contexts-0.4.9.jar;C:\tools\maven\apache-maven-3.6.0Reponsitory\io\reactivex\rxnetty-servo\0.4.9\rxnetty-servo-0.4.9.jar;C:\tools\maven\apache-maven-3.6.0Reponsitory\com\netflix\hystrix\hystrix-core\1.5.18\hystrix-core-1.5.18.jar;C:\tools\maven\apache-maven-3.6.0Reponsitory\io\reactivex\rxnetty\0.4.9\rxnetty-0.4.9.jar;C:\tools\maven\apache-maven-3.6.0Reponsitory\com\netflix\ribbon\ribbon-core\2.3.0\ribbon-core-2.3.0.jar;C:\tools\maven\apache-maven-3.6.0Reponsitory\com\netflix\ribbon\ribbon-httpclient\2.3.0\ribbon-httpclient-2.3.0.jar;C:\tools\maven\apache-maven-3.6.0Reponsitory\commons-collections\commons-collections\3.2.2\commons-collections-3.2.2.jar;C:\tools\maven\apache-maven-3.6.0Reponsitory\com\netflix\netflix-commons\netflix-commons-util\0.3.0\netflix-commons-util-0.3.0.jar;C:\tools\maven\apache-maven-3.6.0Reponsitory\com\netflix\ribbon\ribbon-loadbalancer\2.3.0\ribbon-loadbalancer-2.3.0.jar;C:\tools\maven\apache-maven-3.6.0Reponsitory\com\netflix\netflix-commons\netflix-statistics\0.1.1\netflix-statistics-0.1.1.jar;C:\tools\maven\apache-maven-3.6.0Reponsitory\io\reactivex\rxjava\1.3.8\rxjava-1.3.8.jar;C:\tools\maven\apache-maven-3.6.0Reponsitory\com\netflix\ribbon\ribbon-eureka\2.3.0\ribbon-eureka-2.3.0.jar;C:\tools\maven\apache-maven-3.6.0Reponsitory\com\thoughtworks\xstream\xstream\1.4.10\xstream-1.4.10.jar;C:\tools\maven\apache-maven-3.6.0Reponsitory\xmlpull\xmlpull\1.1.3.1\xmlpull-1.1.3.1.jar;C:\tools\maven\apache-maven-3.6.0Reponsitory\xpp3\xpp3_min\1.1.4c\xpp3_min-1.1.4c.jar;C:\tools\maven\apache-maven-3.6.0Reponsitory\org\springframework\boot\spring-boot-starter-test\2.1.6.RELEASE\spring-boot-starter-test-2.1.6.RELEASE.jar;C:\tools\maven\apache-maven-3.6.0Reponsitory\org\springframework\boot\spring-boot-starter\2.1.6.RELEASE\spring-boot-starter-2.1.6.RELEASE.jar;C:\tools\maven\apache-maven-3.6.0Reponsitory\org\springframework\boot\spring-boot\2.1.6.RELEASE\spring-boot-2.1.6.RELEASE.jar;C:\tools\maven\apache-maven-3.6.0Reponsitory\org\springframework\boot\spring-boot-starter-logging\2.1.6.RELEASE\spring-boot-starter-logging-2.1.6.RELEASE.jar;C:\tools\maven\apache-maven-3.6.0Reponsitory\ch\qos\logback\logback-classic\1.2.3\logback-classic-1.2.3.jar;C:\tools\maven\apache-maven-3.6.0Reponsitory\ch\qos\logback\logback-core\1.2.3\logback-core-1.2.3.jar;C:\tools\maven\apache-maven-3.6.0Reponsitory\org\apache\logging\log4j\log4j-to-slf4j\2.11.2\log4j-to-slf4j-2.11.2.jar;C:\tools\maven\apache-maven-3.6.0Reponsitory\org\apache\logging\log4j\log4j-api\2.11.2\log4j-api-2.11.2.jar;C:\tools\maven\apache-maven-3.6.0Reponsitory\org\slf4j\jul-to-slf4j\1.7.26\jul-to-slf4j-1.7.26.jar;C:\tools\maven\apache-maven-3.6.0Reponsitory\javax\annotation\javax.annotation-api\1.3.2\javax.annotation-api-1.3.2.jar;C:\tools\maven\apache-maven-3.6.0Reponsitory\org\springframework\boot\spring-boot-test\2.1.6.RELEASE\spring-boot-test-2.1.6.RELEASE.jar;C:\tools\maven\apache-maven-3.6.0Reponsitory\org\springframework\boot\spring-boot-test-autoconfigure\2.1.6.RELEASE\spring-boot-test-autoconfigure-2.1.6.RELEASE.jar;C:\tools\maven\apache-maven-3.6.0Reponsitory\com\jayway\jsonpath\json-path\2.4.0\json-path-2.4.0.jar;C:\tools\maven\apache-maven-3.6.0Reponsitory\net\minidev\json-smart\2.3\json-smart-2.3.jar;C:\tools\maven\apache-maven-3.6.0Reponsitory\net\minidev\accessors-smart\1.2\accessors-smart-1.2.jar;C:\tools\maven\apache-maven-3.6.0Reponsitory\org\ow2\asm\asm\5.0.4\asm-5.0.4.jar;C:\tools\maven\apache-maven-3.6.0Reponsitory\junit\junit\4.12\junit-4.12.jar;C:\tools\maven\apache-maven-3.6.0Reponsitory\org\assertj\assertj-core\3.11.1\assertj-core-3.11.1.jar;C:\tools\maven\apache-maven-3.6.0Reponsitory\org\mockito\mockito-core\2.23.4\mockito-core-2.23.4.jar;C:\tools\maven\apache-maven-3.6.0Reponsitory\net\bytebuddy\byte-buddy\1.9.13\byte-buddy-1.9.13.jar;C:\tools\maven\apache-maven-3.6.0Reponsitory\net\bytebuddy\byte-buddy-agent\1.9.13\byte-buddy-agent-1.9.13.jar;C:\tools\maven\apache-maven-3.6.0Reponsitory\org\objenesis\objenesis\2.6\objenesis-2.6.jar;C:\tools\maven\apache-maven-3.6.0Reponsitory\org\hamcrest\hamcrest-core\1.3\hamcrest-core-1.3.jar;C:\tools\maven\apache-maven-3.6.0Reponsitory\org\hamcrest\hamcrest-library\1.3\hamcrest-library-1.3.jar;C:\tools\maven\apache-maven-3.6.0Reponsitory\org\skyscreamer\jsonassert\1.5.0\jsonassert-1.5.0.jar;C:\tools\maven\apache-maven-3.6.0Reponsitory\com\vaadin\external\google\android-json\0.0.20131108.vaadin1\android-json-0.0.20131108.vaadin1.jar;C:\tools\maven\apache-maven-3.6.0Reponsitory\org\springframework\spring-core\5.1.8.RELEASE\spring-core-5.1.8.RELEASE.jar;C:\tools\maven\apache-maven-3.6.0Reponsitory\org\springframework\spring-jcl\5.1.8.RELEASE\spring-jcl-5.1.8.RELEASE.jar;C:\tools\maven\apache-maven-3.6.0Reponsitory\org\springframework\spring-test\5.1.8.RELEASE\spring-test-5.1.8.RELEASE.jar;C:\tools\maven\apache-maven-3.6.0Reponsitory\org\xmlunit\xmlunit-core\2.6.2\xmlunit-core-2.6.2.jar;C:\tools\maven\apache-maven-3.6.0Reponsitory\org\springframework\cloud\spring-cloud-starter-bus-amqp\2.1.2.RELEASE\spring-cloud-starter-bus-amqp-2.1.2.RELEASE.jar;C:\tools\maven\apache-maven-3.6.0Reponsitory\org\springframework\cloud\spring-cloud-starter-stream-rabbit\2.1.3.RELEASE\spring-cloud-starter-stream-rabbit-2.1.3.RELEASE.jar;C:\tools\maven\apache-maven-3.6.0Reponsitory\org\springframework\cloud\spring-cloud-stream-binder-rabbit\2.1.3.RELEASE\spring-cloud-stream-binder-rabbit-2.1.3.RELEASE.jar;C:\tools\maven\apache-maven-3.6.0Reponsitory\org\springframework\cloud\spring-cloud-stream-binder-rabbit-core\2.1.3.RELEASE\spring-cloud-stream-binder-rabbit-core-2.1.3.RELEASE.jar;C:\tools\maven\apache-maven-3.6.0Reponsitory\com\rabbitmq\http-client\2.1.0.RELEASE\http-client-2.1.0.RELEASE.jar;C:\tools\maven\apache-maven-3.6.0Reponsitory\org\springframework\boot\spring-boot-starter-amqp\2.1.6.RELEASE\spring-boot-starter-amqp-2.1.6.RELEASE.jar;C:\tools\maven\apache-maven-3.6.0Reponsitory\org\springframework\amqp\spring-rabbit\2.1.7.RELEASE\spring-rabbit-2.1.7.RELEASE.jar;C:\tools\maven\apache-maven-3.6.0Reponsitory\org\springframework\amqp\spring-amqp\2.1.7.RELEASE\spring-amqp-2.1.7.RELEASE.jar;C:\tools\maven\apache-maven-3.6.0Reponsitory\com\rabbitmq\amqp-client\5.4.3\amqp-client-5.4.3.jar;C:\tools\maven\apache-maven-3.6.0Reponsitory\org\springframework\integration\spring-integration-amqp\5.1.6.RELEASE\spring-integration-amqp-5.1.6.RELEASE.jar;C:\tools\maven\apache-maven-3.6.0Reponsitory\org\springframework\integration\spring-integration-jmx\5.1.6.RELEASE\spring-integration-jmx-5.1.6.RELEASE.jar;C:\tools\maven\apache-maven-3.6.0Reponsitory\org\springframework\cloud\spring-cloud-bus\2.1.2.RELEASE\spring-cloud-bus-2.1.2.RELEASE.jar;C:\tools\maven\apache-maven-3.6.0Reponsitory\org\springframework\cloud\spring-cloud-stream\2.1.3.RELEASE\spring-cloud-stream-2.1.3.RELEASE.jar;C:\tools\maven\apache-maven-3.6.0Reponsitory\org\springframework\boot\spring-boot-starter-validation\2.1.6.RELEASE\spring-boot-starter-validation-2.1.6.RELEASE.jar;C:\tools\maven\apache-maven-3.6.0Reponsitory\org\springframework\spring-messaging\5.1.8.RELEASE\spring-messaging-5.1.8.RELEASE.jar;C:\tools\maven\apache-maven-3.6.0Reponsitory\org\springframework\spring-tuple\1.0.0.RELEASE\spring-tuple-1.0.0.RELEASE.jar;C:\tools\maven\apache-maven-3.6.0Reponsitory\com\esotericsoftware\kryo-shaded\3.0.3\kryo-shaded-3.0.3.jar;C:\tools\maven\apache-maven-3.6.0Reponsitory\com\esotericsoftware\minlog\1.3.0\minlog-1.3.0.jar;C:\tools\maven\apache-maven-3.6.0Reponsitory\org\springframework\integration\spring-integration-tuple\1.0.0.RELEASE\spring-integration-tuple-1.0.0.RELEASE.jar;C:\tools\maven\apache-maven-3.6.0Reponsitory\org\springframework\retry\spring-retry\1.2.4.RELEASE\spring-retry-1.2.4.RELEASE.jar;C:\tools\maven\apache-maven-3.6.0Reponsitory\org\springframework\cloud\spring-cloud-function-context\2.0.2.RELEASE\spring-cloud-function-context-2.0.2.RELEASE.jar;C:\tools\maven\apache-maven-3.6.0Reponsitory\org\springframework\cloud\spring-cloud-function-core\2.0.2.RELEASE\spring-cloud-function-core-2.0.2.RELEASE.jar;C:\tools\maven\apache-maven-3.6.0Reponsitory\org\springframework\integration\spring-integration-core\5.1.6.RELEASE\spring-integration-core-5.1.6.RELEASE.jar;C:\tools\maven\apache-maven-3.6.0Reponsitory\org\springframework\spring-tx\5.1.8.RELEASE\spring-tx-5.1.8.RELEASE.jar;C:\tools\maven\apache-maven-3.6.0Reponsitory\io\projectreactor\reactor-core\3.2.10.RELEASE\reactor-core-3.2.10.RELEASE.jar;C:\tools\maven\apache-maven-3.6.0Reponsitory\org\reactivestreams\reactive-streams\1.0.2\reactive-streams-1.0.2.jar;"/>
    <property name="sun.cpu.endian" value="little"/>
    <property name="user.home" value="C:\Users\BXA"/>
    <property name="user.language" value="zh"/>
    <property name="java.specification.vendor" value="Oracle Corporation"/>
    <property name="java.home" value="C:\Program Files\Java\jdk1.8.0_201\jre"/>
    <property name="basedir" value="C:\ProjectOS\SpringCloud\01\config"/>
    <property name="file.separator" value="\"/>
    <property name="line.separator" value="&#10;"/>
    <property name="java.vm.specification.vendor" value="Oracle Corporation"/>
    <property name="java.specification.name" value="Java Platform API Specification"/>
    <property name="java.awt.graphicsenv" value="sun.awt.Win32GraphicsEnvironment"/>
    <property name="surefire.real.class.path" value="C:\Users\BXA\AppData\Local\Temp\surefire8772406310512577489\surefirebooter1462169793641055653.jar"/>
    <property name="sun.boot.class.path" value="C:\Program Files\Java\jdk1.8.0_201\jre\lib\resources.jar;C:\Program Files\Java\jdk1.8.0_201\jre\lib\rt.jar;C:\Program Files\Java\jdk1.8.0_201\jre\lib\sunrsasign.jar;C:\Program Files\Java\jdk1.8.0_201\jre\lib\jsse.jar;C:\Program Files\Java\jdk1.8.0_201\jre\lib\jce.jar;C:\Program Files\Java\jdk1.8.0_201\jre\lib\charsets.jar;C:\Program Files\Java\jdk1.8.0_201\jre\lib\jfr.jar;C:\Program Files\Java\jdk1.8.0_201\jre\classes"/>
    <property name="user.script" value=""/>
    <property name="sun.management.compiler" value="HotSpot 64-Bit Tiered Compilers"/>
    <property name="java.runtime.version" value="1.8.0_201-b09"/>
    <property name="user.name" value="BXA"/>
    <property name="path.separator" value=";"/>
    <property name="os.version" value="10.0"/>
    <property name="java.endorsed.dirs" value="C:\Program Files\Java\jdk1.8.0_201\jre\lib\endorsed"/>
    <property name="java.runtime.name" value="Java(TM) SE Runtime Environment"/>
    <property name="file.encoding" value="GBK"/>
    <property name="java.vm.name" value="Java HotSpot(TM) 64-Bit Server VM"/>
    <property name="localRepository" value="C:\tools\maven\apache-maven-3.6.0Reponsitory"/>
    <property name="java.vendor.url.bug" value="http://bugreport.sun.com/bugreport/"/>
    <property name="java.io.tmpdir" value="C:\Users\BXA\AppData\Local\Temp\"/>
    <property name="idea.version" value="2018.2.2"/>
    <property name="java.version" value="1.8.0_201"/>
    <property name="user.dir" value="C:\ProjectOS\SpringCloud\01\config"/>
    <property name="os.arch" value="amd64"/>
    <property name="java.vm.specification.name" value="Java Virtual Machine Specification"/>
    <property name="java.awt.printerjob" value="sun.awt.windows.WPrinterJob"/>
    <property name="sun.os.patch.level" value=""/>
    <property name="java.library.path" value="C:\Program Files\Java\jdk1.8.0_201\jre\bin;C:\Windows\Sun\Java\bin;C:\Windows\system32;C:\Windows;C:\Windows\system32;C:\Windows;C:\Windows\System32\Wbem;C:\Windows\System32\WindowsPowerShell\v1.0\;C:\Windows\System32\OpenSSH\;C:\Program Files (x86)\NVIDIA Corporation\PhysX\Common;C:\Program Files\Java\jdk1.8.0_201\bin;C:\instrument\tool\SVN\bin;C:\instrument\tool\Git\Git\cmd;C:\instrument\tool\NodeJs\;D:\Maven\apache-maven-3.6.0\bin;C:\Program Files\MySQL\MySQL Utilities 1.6\;C:\Program Files\erl10.4\bin;C:\Program Files\RabbitMQ Server\rabbitmq_server-3.7.16\sbin;C:\Program Files\Redis;C:\Users\BXA\AppData\Local\Microsoft\WindowsApps;;C:\instrument\program\net\Microsoft VS Code\bin;C:\instrument\tool\yasuo\;C:\Users\BXA\AppData\Roaming\npm;."/>
    <property name="java.vm.info" value="mixed mode"/>
    <property name="java.vendor" value="Oracle Corporation"/>
    <property name="java.vm.version" value="25.201-b09"/>
    <property name="java.ext.dirs" value="C:\Program Files\Java\jdk1.8.0_201\jre\lib\ext;C:\Windows\Sun\Java\lib\ext"/>
    <property name="sun.io.unicode.encoding" value="UnicodeLittle"/>
    <property name="maven.repo.local" value="C:\tools\maven\apache-maven-3.6.0Reponsitory"/>
    <property name="java.class.version" value="52.0"/>
  </properties>
  <testcase name="contextLoads" classname="com.bxa.config.ConfigApplicationTests" time="0.222"/>
</testsuite>